<?xml version="1.0" encoding="UTF-8"?>
<!-- Generated by org.testng.reporters.JUnitReportReporter -->
<testsuite hostname="RCBAN0340" failures="0" tests="3" name="reqres.TC_04_Post_CreateUser_DDT" time="7.439" errors="0" timestamp="2023-02-10T13:42:21 IST" skipped="0">
  <testcase classname="reqres.TC_04_Post_CreateUser_DDT" name="verifyCreateUserTest" time="0.516"/>
  <system-out/>
  <testcase classname="reqres.TC_04_Post_CreateUser_DDT" name="verifyCreateUserTest" time="6.336"/>
  <system-out/>
  <testcase classname="reqres.TC_04_Post_CreateUser_DDT" name="verifyCreateUserTest" time="0.587"/>
  <system-out/>
</testsuite> <!-- reqres.TC_04_Post_CreateUser_DDT -->
